<?xml version="1.0" encoding="UTF-8" standalone="yes" ?>
<test-results name="D:\PROJETOS-Brasil\CQuery4D\Test Delphi\Firebird_tests\PTestFluentCQLFirebird.exe" total="10" errors="0" failures="0" ignored="0" inconclusive="0" not-run="0" skipped="0" invalid="0" date="2025-04-16" time="0.007">
  <culture-info current-culture="en" current-uiculture="en" />
  <test-suite type="Assembly" name="PTestFluentCQLFirebird.exe" executed="true" result="Success" success="True" time="0.007" asserts="0">
    <results>
        <test-suite type="Namespace" name="UTestFluent" executed="true" result="Success" success="True" time="0.007" asserts="0" >
          <results>
              <test-suite type="Fixture" name="TTestFluentCQLFirebird" executed="True" result="Success" success="True" time="0.007" >
                <results>
                  <test-case name="TestSelectAllFromClientes" executed="True" result="Success" success="True" time="0.000" asserts="0" />
                  <test-case name="TestSelectWhereNome" executed="True" result="Success" success="True" time="0.000" asserts="0" />
                  <test-case name="TestSelectWithAlias" executed="True" result="Success" success="True" time="0.000" asserts="0" />
                  <test-case name="TestSelectWithJoin" executed="True" result="Success" success="True" time="0.000" asserts="0" />
                  <test-case name="TestMinValue" executed="True" result="Success" success="True" time="0.000" asserts="0" />
                  <test-case name="TestMaxValue" executed="True" result="Success" success="True" time="0.000" asserts="0" />
                  <test-case name="TestFromBeforeSelect" executed="True" result="Success" success="True" time="0.000" asserts="0" />
                  <test-case name="TestSelectBeforeWhere" executed="True" result="Success" success="True" time="0.000" asserts="0" />
                  <test-case name="TestWhereJoinSelect" executed="True" result="Success" success="True" time="0.000" asserts="0" />
                  <test-case name="TestGroupBy" executed="True" result="Success" success="True" time="0.000" asserts="0" />
                </results>
              </test-suite>
          </results>
        </test-suite>
    </results>
  </test-suite>
</test-results>
